#
# There is insufficient memory for the Java Runtime Environment to continue.
# Native memory allocation (mmap) failed to map 2064384 bytes for G1 virtual space
# Possible reasons:
#   The system is out of physical RAM or swap space
#   The process is running with CompressedOops enabled, and the Java Heap may be blocking the growth of the native heap
# Possible solutions:
#   Reduce memory load on the system
#   Increase physical memory or swap space
#   Check if swap backing store is full
#   Decrease Java heap size (-Xmx/-Xms)
#   Decrease number of Java threads
#   Decrease Java thread stack sizes (-Xss)
#   Set larger code cache with -XX:ReservedCodeCacheSize=
#   JVM is running with Unscaled Compressed Oops mode in which the Java heap is
#     placed in the first 4GB address space. The Java Heap base address is the
#     maximum limit for the native heap growth. Please use -XX:HeapBaseMinAddress
#     to set the Java Heap base and to place the Java Heap above 4GB virtual address.
# This output file may be truncated or incomplete.
#
#  Out of Memory Error (os_windows.cpp:3617), pid=25660, tid=30372
#
# JRE version:  (17.0.8+7) (build )
# Java VM: OpenJDK 64-Bit Server VM (17.0.8+7, mixed mode, sharing, tiered, compressed oops, compressed class ptrs, g1 gc, windows-amd64)
# No core dump will be written. Minidumps are not enabled by default on client versions of Windows
#

---------------  S U M M A R Y ------------

Command Line: -Dfile.encoding=UTF-8 --module-path=C:\Users\nitro\eclipse-workspace\MyFitnessPlanner\MyFitnessPlanner\bin -XX:+ShowCodeDetailsInExceptionMessages -Djdk.module.main=MyFitnessPlanner MyFitnessPlanner/marathon_code.mainclass

Host: Intel(R) Core(TM) i5-8300H CPU @ 2.30GHz, 8 cores, 7G,  Windows 10 , 64 bit Build 19041 (10.0.19041.3570)
Time: Tue Oct 24 13:50:42 2023 India Standard Time elapsed time: 0.027208 seconds (0d 0h 0m 0s)

---------------  T H R E A D  ---------------

Current thread (0x00000202de01cab0):  JavaThread "Unknown thread" [_thread_in_vm, id=30372, stack(0x0000004922200000,0x0000004922300000)]

Stack: [0x0000004922200000,0x0000004922300000]
Native frames: (J=compiled Java code, j=interpreted, Vv=VM code, C=native code)
V  [jvm.dll+0x678b0a]
V  [jvm.dll+0x835e84]
V  [jvm.dll+0x83762e]
V  [jvm.dll+0x837c93]
V  [jvm.dll+0x24746f]
V  [jvm.dll+0x675859]
V  [jvm.dll+0x66a0ea]
V  [jvm.dll+0x306c7b]
V  [jvm.dll+0x30e166]
V  [jvm.dll+0x35dd53]
V  [jvm.dll+0x35df6f]
V  [jvm.dll+0x2ddb48]
V  [jvm.dll+0x2deab4]
V  [jvm.dll+0x807f31]
V  [jvm.dll+0x36bb21]
V  [jvm.dll+0x7e733c]
V  [jvm.dll+0x3ee4af]
V  [jvm.dll+0x3f00c1]
C  [jli.dll+0x528b]
C  [ucrtbase.dll+0x21bb2]
C  [KERNEL32.DLL+0x17344]
C  [ntdll.dll+0x526b1]


---------------  P R O C E S S  ---------------

Threads class SMR info:
_java_thread_list=0x00007ffa63eea018, length=0, elements={
}

Java Threads: ( => current thread )

Other Threads:
  0x00000202de0743b0 GCTaskThread "GC Thread#0" [stack: 0x0000004922300000,0x0000004922400000] [id=31188]
  0x00000202de0855e0 ConcurrentGCThread "G1 Main Marker" [stack: 0x0000004922400000,0x0000004922500000] [id=25280]
  0x00000202de085ff0 ConcurrentGCThread "G1 Conc#0" [stack: 0x0000004922500000,0x0000004922600000] [id=20968]

[error occurred during error reporting (printing all threads), id 0xc0000005, EXCEPTION_ACCESS_VIOLATION (0xc0000005) at pc=0x00007ffa636be587]

VM state: not at safepoint (not fully initialized)

VM Mutex/Monitor currently owned by a thread:  ([mutex/lock_event])
[0x00000202de018a70] Heap_lock - owner thread: 0x00000202de01cab0

Heap address: 0x0000000082600000, size: 2010 MB, Compressed Oops mode: 32-bit

CDS archive(s) mapped at: [0x0000000000000000-0x0000000000000000-0x0000000000000000), size 0, SharedBaseAddress: 0x0000000800000000, ArchiveRelocationMode: 1.
Narrow klass base: 0x0000000000000000, Narrow klass shift: 0, Narrow klass range: 0x0

GC Precious Log:
<Empty>

Heap:
 garbage-first heap   total 0K, used 0K [0x0000000082600000, 0x0000000100000000)
  region size 1024K, 0 young (0K), 0 survivors (0K)

[error occurred during error reporting (printing heap information), id 0xc0000005, EXCEPTION_ACCESS_VIOLATION (0xc0000005) at pc=0x00007ffa63aa2699]

GC Heap History (0 events):
No events

Dll operation events (1 events):
Event: 0.017 Loaded shared library C:\Users\nitro\.p2\pool\plugins\org.eclipse.justj.openjdk.hotspot.jre.full.win32.x86_64_17.0.8.v20230801-1951\jre\bin\java.dll

Deoptimization events (0 events):
No events

Classes unloaded (0 events):
No events

Classes redefined (0 events):
No events

Internal exceptions (0 events):
No events

VM Operations (0 events):
No events

Events (0 events):
No events


Dynamic libraries:
0x00007ff677200000 - 0x00007ff67720e000 	C:\Users\nitro\.p2\pool\plugins\org.eclipse.justj.openjdk.hotspot.jre.full.win32.x86_64_17.0.8.v20230801-1951\jre\bin\javaw.exe
0x00007ffaf5690000 - 0x00007ffaf5887000 	C:\WINDOWS\SYSTEM32\ntdll.dll
0x00007ffaf43a0000 - 0x00007ffaf445d000 	C:\WINDOWS\System32\KERNEL32.DLL
0x00007ffaf2d70000 - 0x00007ffaf3066000 	C:\WINDOWS\System32\KERNELBASE.dll
0x00007ffaf30f0000 - 0x00007ffaf31f0000 	C:\WINDOWS\System32\ucrtbase.dll
0x00007ffaed7b0000 - 0x00007ffaed7c9000 	C:\Users\nitro\.p2\pool\plugins\org.eclipse.justj.openjdk.hotspot.jre.full.win32.x86_64_17.0.8.v20230801-1951\jre\bin\VCRUNTIME140.dll
0x00007ffaec3f0000 - 0x00007ffaec407000 	C:\Users\nitro\.p2\pool\plugins\org.eclipse.justj.openjdk.hotspot.jre.full.win32.x86_64_17.0.8.v20230801-1951\jre\bin\jli.dll
0x00007ffaf3b60000 - 0x00007ffaf3cfe000 	C:\WINDOWS\System32\USER32.dll
0x00007ffad9410000 - 0x00007ffad96aa000 	C:\WINDOWS\WinSxS\amd64_microsoft.windows.common-controls_6595b64144ccf1df_6.0.19041.3570_none_60bb2a3971f3e41a\COMCTL32.dll
0x00007ffaf34b0000 - 0x00007ffaf34d2000 	C:\WINDOWS\System32\win32u.dll
0x00007ffaf3eb0000 - 0x00007ffaf3f4e000 	C:\WINDOWS\System32\msvcrt.dll
0x00007ffaf42c0000 - 0x00007ffaf42ec000 	C:\WINDOWS\System32\GDI32.dll
0x00007ffaf3390000 - 0x00007ffaf34aa000 	C:\WINDOWS\System32\gdi32full.dll
0x00007ffaf3260000 - 0x00007ffaf32fd000 	C:\WINDOWS\System32\msvcp_win.dll
0x00007ffaf3fc0000 - 0x00007ffaf3ff0000 	C:\WINDOWS\System32\IMM32.DLL
0x00007ffaecd60000 - 0x00007ffaecd6c000 	C:\Users\nitro\.p2\pool\plugins\org.eclipse.justj.openjdk.hotspot.jre.full.win32.x86_64_17.0.8.v20230801-1951\jre\bin\vcruntime140_1.dll
0x00007ffac6300000 - 0x00007ffac6391000 	C:\Users\nitro\.p2\pool\plugins\org.eclipse.justj.openjdk.hotspot.jre.full.win32.x86_64_17.0.8.v20230801-1951\jre\bin\msvcp140.dll
0x00007ffa633d0000 - 0x00007ffa6401c000 	C:\Users\nitro\.p2\pool\plugins\org.eclipse.justj.openjdk.hotspot.jre.full.win32.x86_64_17.0.8.v20230801-1951\jre\bin\server\jvm.dll
0x00007ffaf4ab0000 - 0x00007ffaf4b5e000 	C:\WINDOWS\System32\ADVAPI32.dll
0x00007ffaf4460000 - 0x00007ffaf44fc000 	C:\WINDOWS\System32\sechost.dll
0x00007ffaf45e0000 - 0x00007ffaf4706000 	C:\WINDOWS\System32\RPCRT4.dll
0x00007ffae6270000 - 0x00007ffae6297000 	C:\WINDOWS\SYSTEM32\WINMM.dll
0x00007ffaf24c0000 - 0x00007ffaf250b000 	C:\WINDOWS\SYSTEM32\POWRPROF.dll
0x00007ffadf420000 - 0x00007ffadf429000 	C:\WINDOWS\SYSTEM32\WSOCK32.dll
0x00007ffaf3f50000 - 0x00007ffaf3fbb000 	C:\WINDOWS\System32\WS2_32.dll
0x00007ffaea360000 - 0x00007ffaea36a000 	C:\WINDOWS\SYSTEM32\VERSION.dll
0x00007ffaf23f0000 - 0x00007ffaf2402000 	C:\WINDOWS\SYSTEM32\UMPDC.dll
0x00007ffaf0c10000 - 0x00007ffaf0c22000 	C:\WINDOWS\SYSTEM32\kernel.appcore.dll
0x00007ffaed650000 - 0x00007ffaed65a000 	C:\Users\nitro\.p2\pool\plugins\org.eclipse.justj.openjdk.hotspot.jre.full.win32.x86_64_17.0.8.v20230801-1951\jre\bin\jimage.dll
0x00007ffaea520000 - 0x00007ffaea704000 	C:\WINDOWS\SYSTEM32\DBGHELP.DLL
0x00007ffae9ed0000 - 0x00007ffae9f04000 	C:\WINDOWS\SYSTEM32\dbgcore.DLL
0x00007ffaf3300000 - 0x00007ffaf3382000 	C:\WINDOWS\System32\bcryptPrimitives.dll
0x00007ffaec450000 - 0x00007ffaec475000 	C:\Users\nitro\.p2\pool\plugins\org.eclipse.justj.openjdk.hotspot.jre.full.win32.x86_64_17.0.8.v20230801-1951\jre\bin\java.dll

dbghelp: loaded successfully - version: 4.0.5 - missing functions: none
symbol engine: initialized successfully - sym options: 0x614 - pdb path: .;C:\Users\nitro\.p2\pool\plugins\org.eclipse.justj.openjdk.hotspot.jre.full.win32.x86_64_17.0.8.v20230801-1951\jre\bin;C:\WINDOWS\SYSTEM32;C:\WINDOWS\WinSxS\amd64_microsoft.windows.common-controls_6595b64144ccf1df_6.0.19041.3570_none_60bb2a3971f3e41a;C:\Users\nitro\.p2\pool\plugins\org.eclipse.justj.openjdk.hotspot.jre.full.win32.x86_64_17.0.8.v20230801-1951\jre\bin\server

VM Arguments:
jvm_args: -Dfile.encoding=UTF-8 --module-path=C:\Users\nitro\eclipse-workspace\MyFitnessPlanner\MyFitnessPlanner\bin -XX:+ShowCodeDetailsInExceptionMessages -Djdk.module.main=MyFitnessPlanner 
java_command: MyFitnessPlanner/marathon_code.mainclass
java_class_path (initial): <not set>
Launcher Type: SUN_STANDARD

[Global flags]
     intx CICompilerCount                          = 4                                         {product} {ergonomic}
     uint ConcGCThreads                            = 2                                         {product} {ergonomic}
     uint G1ConcRefinementThreads                  = 8                                         {product} {ergonomic}
   size_t G1HeapRegionSize                         = 1048576                                   {product} {ergonomic}
    uintx GCDrainStackTargetSize                   = 64                                        {product} {ergonomic}
   size_t InitialHeapSize                          = 132120576                                 {product} {ergonomic}
   size_t MarkStackSize                            = 4194304                                   {product} {ergonomic}
   size_t MaxHeapSize                              = 2107637760                                {product} {ergonomic}
   size_t MinHeapDeltaBytes                        = 1048576                                   {product} {ergonomic}
   size_t MinHeapSize                              = 8388608                                   {product} {ergonomic}
    uintx NonNMethodCodeHeapSize                   = 5839372                                {pd product} {ergonomic}
    uintx NonProfiledCodeHeapSize                  = 122909434                              {pd product} {ergonomic}
    uintx ProfiledCodeHeapSize                     = 122909434                              {pd product} {ergonomic}
    uintx ReservedCodeCacheSize                    = 251658240                              {pd product} {ergonomic}
     bool SegmentedCodeCache                       = true                                      {product} {ergonomic}
     bool ShowCodeDetailsInExceptionMessages       = true                                   {manageable} {command line}
   size_t SoftMaxHeapSize                          = 2107637760                             {manageable} {ergonomic}
     bool UseCompressedClassPointers               = true                           {product lp64_product} {ergonomic}
     bool UseCompressedOops                        = true                           {product lp64_product} {ergonomic}
     bool UseG1GC                                  = true                                      {product} {ergonomic}
     bool UseLargePagesIndividualAllocation        = false                                  {pd product} {ergonomic}

Logging:
Log output configuration:
 #0: stdout all=warning uptime,level,tags
 #1: stderr all=off uptime,level,tags

Environment Variables:
JAVA_HOME=C:\Program Files\Java\jdk-11
PATH=C:/Users/nitro/.p2/pool/plugins/org.eclipse.justj.openjdk.hotspot.jre.full.win32.x86_64_17.0.8.v20230801-1951/jre/bin/server;C:/Users/nitro/.p2/pool/plugins/org.eclipse.justj.openjdk.hotspot.jre.full.win32.x86_64_17.0.8.v20230801-1951/jre/bin;D:\oracle\product\10.2.0\db_1\bin;C:\Program Files\Common Files\Oracle\Java\javapath;C:\Program Files (x86)\Common Files\Oracle\Java\javapath;C:\oraclexe\app\oracle\product\11.2.0\server\bin;C:\Windows\system32;C:\Windows;C:\Windows\System32\Wbem;C:\Windows\System32\WindowsPowerShell\v1.0\;C:\Windows\System32\OpenSSH\;C:\Program Files (x86)\NVIDIA Corporation\PhysX\Common;C:\Program Files\NVIDIA Corporation\NVIDIA NvDLISR;C:\WINDOWS\system32;C:\WINDOWS;C:\WINDOWS\System32\Wbem;C:\WINDOWS\System32\WindowsPowerShell\v1.0\;C:\WINDOWS\System32\OpenSSH\;C:\Program Files\Java\jdk-11.0.8\bin;c:\sqlite3;C:\Program Files\swipl\bin;C:\Program Files\MongoDB\Server\4.4\bin;C:\Program Files\Java\jdk1.8.0_202\bin;C:\Program Files\Java\jdk-11\bin;C:\Program Files\Git\bin\git.exe;C:\Program Files\Git\cmd;C:\Users\nitro\AppData\Local\Pub\Cache\bin;C:\Program Files\nodejs\;C:\Program Files\Java\jdk-11\bin;C:\Program Files\MySQL\MySQL Shell 8.0\bin\;C:\Users\nitro\AppData\Local\Programs\Python\Python38-32\Scripts\;C:\Users\nitro\AppData\Local\Programs\Python\Python38-32\;C:\Users\nitro\AppData\Local\Microsoft\WindowsApps;C:\Users\nitro\AppData\Local\Programs\Microsoft VS Code\bin;C:\Users\nitro\AppData\Local\GitHubDesktop\bin;C:\Program Files (x86)\MongoDB CLI\;C:\flutter\bin;C:\Users\nitro\AppData\Local\Pub\Cache\bin;C:\Users\nitro\AppData\Roaming\npm;;C:\Users\nitro\eclipse\java-2023-06\eclipse;
USERNAME=nitro
OS=Windows_NT
PROCESSOR_IDENTIFIER=Intel64 Family 6 Model 158 Stepping 10, GenuineIntel
TMP=C:\Users\nitro\AppData\Local\Temp
TEMP=C:\Users\nitro\AppData\Local\Temp



---------------  S Y S T E M  ---------------

OS:
 Windows 10 , 64 bit Build 19041 (10.0.19041.3570)
OS uptime: 4 days 3:28 hours

CPU: total 8 (initial active 8) (4 cores per cpu, 2 threads per core) family 6 model 158 stepping 10 microcode 0xb4, cx8, cmov, fxsr, ht, mmx, 3dnowpref, sse, sse2, sse3, ssse3, sse4.1, sse4.2, popcnt, lzcnt, tsc, tscinvbit, avx, avx2, aes, erms, clmul, bmi1, bmi2, adx, fma, vzeroupper, clflush, clflushopt
Processor Information for all 8 processors :
  Max Mhz: 2304, Current Mhz: 2304, Mhz Limit: 2304

Memory: 4k page, system-wide physical 8034M (897M free)
TotalPageFile size 32610M (AvailPageFile size 6M)
current process WorkingSet (physical memory assigned to process): 10M, peak: 10M
current process commit charge ("private bytes"): 186M, peak: 188M

vm_info: OpenJDK 64-Bit Server VM (17.0.8+7) for windows-amd64 JRE (17.0.8+7), built on Jul 18 2023 21:02:32 by "admin" with MS VC++ 16.7 (VS2019)

END.
